  DigiTalkServer.cpp
D:\maria\VC++\repos\3 курс\Messenger\DigiTalkServer\DigiTalkServer\DigiTalkServer.cpp(75,42): warning C4267: аргумент: преобразование из "size_t" в "int"; возможна потеря данных
D:\maria\VC++\repos\3 курс\Messenger\DigiTalkServer\DigiTalkServer\DigiTalkServer.cpp(98,42): warning C4267: аргумент: преобразование из "size_t" в "int"; возможна потеря данных
D:\maria\VC++\repos\3 курс\Messenger\DigiTalkServer\DigiTalkServer\DigiTalkServer.cpp(131,106): warning C4267: аргумент: преобразование из "size_t" в "int"; возможна потеря данных
D:\maria\VC++\repos\3 курс\Messenger\DigiTalkServer\DigiTalkServer\DigiTalkServer.cpp(150,53): warning C4267: аргумент: преобразование из "size_t" в "int"; возможна потеря данных
D:\maria\VC++\repos\3 курс\Messenger\DigiTalkServer\DigiTalkServer\DigiTalkServer.cpp(242,62): warning C4267: аргумент: преобразование из "size_t" в "int"; возможна потеря данных
D:\maria\VC++\repos\3 курс\Messenger\DigiTalkServer\DigiTalkServer\DigiTalkServer.cpp(301,26): warning C4244: инициализация: преобразование "sqlite3_int64" в "int", возможна потеря данных
D:\maria\VC++\repos\3 курс\Messenger\DigiTalkServer\DigiTalkServer\DigiTalkServer.cpp(306,64): warning C4244: аргумент: преобразование "sqlite3_int64" в "int", возможна потеря данных
D:\maria\VC++\repos\3 курс\Messenger\DigiTalkServer\DigiTalkServer\DigiTalkServer.cpp(334,64): warning C4267: аргумент: преобразование из "size_t" в "int"; возможна потеря данных
D:\maria\VC++\repos\3 курс\Messenger\DigiTalkServer\DigiTalkServer\DigiTalkServer.cpp(395,74): warning C4267: аргумент: преобразование из "size_t" в "int"; возможна потеря данных
D:\maria\VC++\repos\3 курс\Messenger\DigiTalkServer\DigiTalkServer\DigiTalkServer.cpp(413,74): warning C4267: аргумент: преобразование из "size_t" в "int"; возможна потеря данных
D:\maria\VC++\repos\3 курс\Messenger\DigiTalkServer\DigiTalkServer\DigiTalkServer.cpp(466,68): warning C4267: аргумент: преобразование из "size_t" в "int"; возможна потеря данных
D:\maria\VC++\repos\3 курс\Messenger\DigiTalkServer\DigiTalkServer\DigiTalkServer.cpp(490,82): warning C4267: аргумент: преобразование из "size_t" в "int"; возможна потеря данных
D:\maria\VC++\repos\3 курс\Messenger\DigiTalkServer\DigiTalkServer\DigiTalkServer.cpp(502,74): warning C4267: аргумент: преобразование из "size_t" в "int"; возможна потеря данных
D:\maria\VC++\repos\3 курс\Messenger\DigiTalkServer\DigiTalkServer\DigiTalkServer.cpp(538,74): warning C4267: аргумент: преобразование из "size_t" в "int"; возможна потеря данных
D:\maria\VC++\repos\3 курс\Messenger\DigiTalkServer\DigiTalkServer\DigiTalkServer.cpp(545,62): warning C4267: аргумент: преобразование из "size_t" в "int"; возможна потеря данных
D:\maria\VC++\repos\3 курс\Messenger\DigiTalkServer\DigiTalkServer\DigiTalkServer.cpp(551,62): warning C4267: аргумент: преобразование из "size_t" в "int"; возможна потеря данных
D:\maria\VC++\repos\3 курс\Messenger\DigiTalkServer\DigiTalkServer\DigiTalkServer.cpp(592,80): warning C4267: аргумент: преобразование из "size_t" в "int"; возможна потеря данных
D:\maria\VC++\repos\3 курс\Messenger\DigiTalkServer\DigiTalkServer\DigiTalkServer.cpp(622,72): warning C4267: аргумент: преобразование из "size_t" в "int"; возможна потеря данных
  DigiTalkServer.vcxproj -> D:\maria\VC++\repos\3 курс\Messenger\DigiTalkServer\x64\Debug\DigiTalkServer.exe
  "pwsh.exe" не является внутренней или внешней
  командой, исполняемой программой или пакетным файлом.
