d:\maria\vc++\repos\3 курс\messenger\digitalkserver\digitalkserver\x64\debug\vc143.pdb
d:\maria\vc++\repos\3 курс\messenger\digitalkserver\digitalkserver\x64\debug\vc143.idb
d:\maria\vc++\repos\3 курс\messenger\digitalkserver\digitalkserver\x64\debug\digitalkserver.obj
d:\maria\vc++\repos\3 курс\messenger\digitalkserver\x64\debug\digitalkserver.pdb
d:\maria\vc++\repos\3 курс\messenger\digitalkserver\digitalkserver\x64\debug\digitalkserver.tlog\cl.command.1.tlog
d:\maria\vc++\repos\3 курс\messenger\digitalkserver\digitalkserver\x64\debug\digitalkserver.tlog\cl.items.tlog
d:\maria\vc++\repos\3 курс\messenger\digitalkserver\digitalkserver\x64\debug\digitalkserver.tlog\cl.read.1.tlog
d:\maria\vc++\repos\3 курс\messenger\digitalkserver\digitalkserver\x64\debug\digitalkserver.tlog\cl.write.1.tlog
d:\maria\vc++\repos\3 курс\messenger\digitalkserver\digitalkserver\x64\debug\digitalkserver.tlog\link-cvtres.read.1.tlog
d:\maria\vc++\repos\3 курс\messenger\digitalkserver\digitalkserver\x64\debug\digitalkserver.tlog\link-cvtres.write.1.tlog
d:\maria\vc++\repos\3 курс\messenger\digitalkserver\digitalkserver\x64\debug\digitalkserver.tlog\link-rc.read.1.tlog
d:\maria\vc++\repos\3 курс\messenger\digitalkserver\digitalkserver\x64\debug\digitalkserver.tlog\link-rc.write.1.tlog
d:\maria\vc++\repos\3 курс\messenger\digitalkserver\digitalkserver\x64\debug\digitalkserver.tlog\link.29500-cvtres.read.1.tlog
d:\maria\vc++\repos\3 курс\messenger\digitalkserver\digitalkserver\x64\debug\digitalkserver.tlog\link.29500-cvtres.write.1.tlog
d:\maria\vc++\repos\3 курс\messenger\digitalkserver\digitalkserver\x64\debug\digitalkserver.tlog\link.29500-rc.read.1.tlog
d:\maria\vc++\repos\3 курс\messenger\digitalkserver\digitalkserver\x64\debug\digitalkserver.tlog\link.29500-rc.write.1.tlog
d:\maria\vc++\repos\3 курс\messenger\digitalkserver\digitalkserver\x64\debug\digitalkserver.tlog\link.29500.read.1.tlog
d:\maria\vc++\repos\3 курс\messenger\digitalkserver\digitalkserver\x64\debug\digitalkserver.tlog\link.29500.read.2.tlog
d:\maria\vc++\repos\3 курс\messenger\digitalkserver\digitalkserver\x64\debug\digitalkserver.tlog\link.29500.write.1.tlog
d:\maria\vc++\repos\3 курс\messenger\digitalkserver\digitalkserver\x64\debug\digitalkserver.tlog\link.command.1.tlog
d:\maria\vc++\repos\3 курс\messenger\digitalkserver\digitalkserver\x64\debug\digitalkserver.tlog\link.read.1.tlog
d:\maria\vc++\repos\3 курс\messenger\digitalkserver\digitalkserver\x64\debug\digitalkserver.tlog\link.read.2.tlog
d:\maria\vc++\repos\3 курс\messenger\digitalkserver\digitalkserver\x64\debug\digitalkserver.tlog\link.write.1.tlog
